Determining if the pthread_create exist failed with the following output:
Change Dir: /home/meng/CLionProjects/Json/cmake-build-debug/CMakeFiles/CMakeTmp

Run Build Command:"/usr/bin/make" "cmTC_c93e4/fast"
/usr/bin/make -f CMakeFiles/cmTC_c93e4.dir/build.make CMakeFiles/cmTC_c93e4.dir/build
make[1]: Entering directory '/home/meng/CLionProjects/Json/cmake-build-debug/CMakeFiles/CMakeTmp'
Building C object CMakeFiles/cmTC_c93e4.dir/CheckSymbolExists.c.o
/usr/bin/cc    -o CMakeFiles/cmTC_c93e4.dir/CheckSymbolExists.c.o   -c /home/meng/CLionProjects/Json/cmake-build-debug/CMakeFiles/CMakeTmp/CheckSymbolExists.c
Linking C executable cmTC_c93e4
/usr/local/clion/bin/cmake/bin/cmake -E cmake_link_script CMakeFiles/cmTC_c93e4.dir/link.txt --verbose=1
/usr/bin/cc      -rdynamic CMakeFiles/cmTC_c93e4.dir/CheckSymbolExists.c.o  -o cmTC_c93e4 
CMakeFiles/cmTC_c93e4.dir/CheckSymbolExists.c.o：在函数‘main’中：
CheckSymbolExists.c:(.text+0x16)：对‘pthread_create’未定义的引用
collect2: error: ld returned 1 exit status
CMakeFiles/cmTC_c93e4.dir/build.make:97: recipe for target 'cmTC_c93e4' failed
make[1]: *** [cmTC_c93e4] Error 1
make[1]: Leaving directory '/home/meng/CLionProjects/Json/cmake-build-debug/CMakeFiles/CMakeTmp'
Makefile:126: recipe for target 'cmTC_c93e4/fast' failed
make: *** [cmTC_c93e4/fast] Error 2

File /home/meng/CLionProjects/Json/cmake-build-debug/CMakeFiles/CMakeTmp/CheckSymbolExists.c:
/* */
#include <pthread.h>

int main(int argc, char** argv)
{
  (void)argv;
#ifndef pthread_create
  return ((int*)(&pthread_create))[argc];
#else
  (void)argc;
  return 0;
#endif
}

